I am ready!
QBot#0640 ///// 890360407695425536
Not giving an apple to Pasza
Not giving an apple to Pasza
Not giving an apple to Pasza
Not giving an apple to Pasza
Not giving an apple to Pasza
Not giving an apple to Pasza
Not giving an apple to Pasza
Not giving an apple to Pasza
Not giving an apple to Pasza
Not giving an apple to Pasza
Not giving an apple to Pasza
Not giving an apple to Pasza
Sending newreleases (month to channel ID: 787465529984155658...
Sending newreleases (new to channel ID: 787465529984155658...
Not giving an apple to Pasza
Not giving an apple to Pasza
Not giving an apple to Pasza
Not giving an apple to Pasza
Not giving an apple to Pasza
Not giving an apple to Pasza
Not giving an apple to Pasza
Not giving an apple to Pasza
I am ready!
QBot#0640 ///// 890360407695425536
Enabling Cron Jobs
Showing Releases Image
Not giving an apple to Pasza
Showing Releases Image
Not giving an apple to Pasza
Not giving an apple to Pasza
Not giving an apple to Pasza
Not giving an apple to Pasza
Not giving an apple to Pasza
Not giving an apple to Pasza
Not giving an apple to Pasza
Not giving an apple to Pasza
Not giving an apple to Pasza
Not giving an apple to Pasza
Not giving an apple to Pasza
Not giving an apple to Pasza
Not giving an apple to Pasza
Not giving an apple to Pasza
Not giving an apple to Pasza
Not giving an apple to Pasza
Not giving an apple to Pasza
Not giving an apple to Pasza
Not giving an apple to Pasza
Not giving an apple to Pasza
Not giving an apple to Pasza
Not giving an apple to Pasza
Not giving an apple to Pasza
Not giving an apple to Pasza
Not giving an apple to Pasza
Not giving an apple to Pasza
Not giving an apple to Pasza
Not giving an apple to Pasza
Not giving an apple to Pasza
Not giving an apple to Pasza
Not giving an apple to Pasza
Not giving an apple to Pasza
Not giving an apple to Pasza
Not giving an apple to Pasza
Not giving an apple to Pasza
Not giving an apple to Pasza
Not giving an apple to Pasza
Not giving an apple to Pasza
Not giving an apple to Pasza
Not giving an apple to Pasza
Not giving an apple to Pasza
Not giving an apple to Pasza
Not giving an apple to Pasza
Not giving an apple to Pasza
Not giving an apple to Pasza
Not giving an apple to Pasza
Not giving an apple to Pasza
Not giving an apple to Pasza
Not giving an apple to Pasza
Not giving an apple to Pasza
Not giving an apple to Pasza
Started getGamePrice()
Not giving an apple to Pasza
Checking price - anachronox
Not giving an apple to Pasza
Not giving an apple to Pasza
Not giving an apple to Pasza
Not giving an apple to Pasza
Not giving an apple to Pasza
Not giving an apple to Vyqe
Started showTwitchImage()
Not giving an apple to Vyqe
Launched Twitch getInfo.py successfully
Not giving an apple to Vyqe
Not giving an apple to Vyqe
Not giving an apple to Vyqe
Not giving an apple to Vyqe
Started getGamePrice()
Not giving an apple to Vyqe
Checking price - Inscryption
Not giving an apple to Pasza
Not giving an apple to Pasza
Not giving an apple to Pasza
Not giving an apple to Pasza
Not giving an apple to Pasza
Not giving an apple to Pasza
I am ready!
QBot#0640 ///// 890360407695425536
Enabling Cron Jobs
Not giving an apple to Vyqe
I am ready!
QBot#0640 ///// 890360407695425536
Enabling Cron Jobs
Not giving an apple to Pasza
Started showTwitchImage()
Not giving an apple to Pasza
Launched Twitch getInfo.py successfully
Started showTwitchImage()
Not giving an apple to Pasza
Added new twitch user - sztanek1981
Started showTwitchImage()
Not giving an apple to Pasza
Launched Twitch getInfo.py successfully
Started remove Twitch User()
Not giving an apple to Pasza
Removed Twitch user - sztanek1981
Started showTwitchImage()
Not giving an apple to Pasza
Launched Twitch getInfo.py successfully
Not giving an apple to Pasza
Not giving an apple to Vyqe
Not giving an apple to Vyqe
Not giving an apple to Vyqe
I am ready!
QBot#0640 ///// 890360407695425536
Enabling Cron Jobs
Pasting Anthem.
Not giving an apple to Pasza
node:internal/process/promises:246
          triggerUncaughtException(err, true /* fromPromise */);
          ^

[Error: ENOENT: no such file or directory, stat '/home/pi/qBot/home/pi/qBot/sssanthem.png'] {
  errno: -2,
  code: 'ENOENT',
  syscall: 'stat',
  path: '/home/pi/qBot/home/pi/qBot/sssanthem.png'
}
I am ready!
QBot#0640 ///// 890360407695425536
Enabling Cron Jobs
Pasting Anthem.
Not giving an apple to Pasza
Pasting Anthem.
Not giving an apple to Pasza
Not giving an apple to Pasza
Not giving an apple to Vyqe
Not giving an apple to Pasza
Not giving an apple to Pasza
Not giving an apple to Pasza
Not giving an apple to Pasza
Not giving an apple to Pasza
Not giving an apple to Pasza
Not giving an apple to Pasza
Not giving an apple to Pasza
Not giving an apple to Pasza
Not giving an apple to Pasza
Not giving an apple to Pasza
Not giving an apple to Pasza
Not giving an apple to Vyqe
Not giving an apple to Vyqe
Not giving an apple to Vyqe
Not giving an apple to Pasza
Not giving an apple to Pasza
Not giving an apple to Pasza
Not giving an apple to Pasza
Not giving an apple to Pasza
Not giving an apple to Vyqe
Not giving an apple to Pasza
Not giving an apple to Pasza
Not giving an apple to Pasza
Not giving an apple to Pasza
Not giving an apple to Pasza
Not giving an apple to Pasza
Not giving an apple to Pasza
Not giving an apple to Pasza
Not giving an apple to Pasza
Showing Releases Image
Not giving an apple to Pasza
Showing Releases Image
Not giving an apple to Pasza
Not giving an apple to Vyqe
Not giving an apple to Vyqe
Not giving an apple to Vyqe
Not giving an apple to Pasza
Not giving an apple to Pasza
Not giving an apple to Vyqe
Not giving an apple to Pasza
Not giving an apple to Pasza
Not giving an apple to Pasza
Not giving an apple to Pasza
Not giving an apple to Pasza
Not giving an apple to Pasza
Not giving an apple to Pasza
Not giving an apple to Pasza
Not giving an apple to Pasza
Not giving an apple to Pasza
Not giving an apple to Pasza
Not giving an apple to Pasza
Not giving an apple to Pasza
Not giving an apple to Pasza
Not giving an apple to Pasza
Not giving an apple to Pasza
Not giving an apple to Pasza
Not giving an apple to Pasza
Not giving an apple to Pasza
Not giving an apple to Pasza
Not giving an apple to Pasza
Not giving an apple to Pasza
Not giving an apple to Pasza
Not giving an apple to Pasza
Not giving an apple to Pasza
Not giving an apple to Pasza
Not giving an apple to Pasza
Not giving an apple to Pasza
Not giving an apple to Pasza
Not giving an apple to Pasza
Not giving an apple to Vyqe
Not giving an apple to Vyqe
Not giving an apple to Pasza
Not giving an apple to Pasza
Not giving an apple to Pasza
Not giving an apple to Pasza
Not giving an apple to Pasza
Not giving an apple to Pasza
Not giving an apple to Pasza
Not giving an apple to Pasza
Showing Releases Image
Not giving an apple to Pasza
Not giving an apple to Vyqe
Not giving an apple to Pasza
Not giving an apple to Pasza
Not giving an apple to Pasza
Not giving an apple to Vyqe
Run schedule - show releases...
Sending newreleases (new to channel ID: 787465529984155658...
Sending newreleases (month to channel ID: 787465529984155658...
Not giving an apple to Vyqe
Not giving an apple to Vyqe
Not giving an apple to Pasza
Not giving an apple to Pasza
Not giving an apple to Pasza
Not giving an apple to Pasza
Not giving an apple to Pasza
Not giving an apple to Pasza
Not giving an apple to Pasza
Not giving an apple to Pasza
Not giving an apple to Pasza
Not giving an apple to Vyqe
Not giving an apple to Pasza
Not giving an apple to Vyqe
Not giving an apple to Vyqe
Not giving an apple to Pasza
Not giving an apple to Pasza
Not giving an apple to Pasza
Not giving an apple to Pasza
Not giving an apple to Vyqe
Not giving an apple to Pasza
Not giving an apple to Pasza
Not giving an apple to Pasza
Not giving an apple to Pasza
Not giving an apple to Pasza
Not giving an apple to Pasza
Not giving an apple to Pasza
Not giving an apple to Pasza
Not giving an apple to Pasza
Not giving an apple to Pasza
Not giving an apple to Pasza
Not giving an apple to Pasza
Not giving an apple to Pasza
Not giving an apple to Pasza
Not giving an apple to Pasza
Not giving an apple to Pasza
Not giving an apple to Pasza
Not giving an apple to Pasza
Not giving an apple to Vyqe
Not giving an apple to Vyqe
Not giving an apple to Vyqe
Not giving an apple to Pasza
Not giving an apple to Pasza
Not giving an apple to Pasza
Not giving an apple to Pasza
Not giving an apple to Vyqe
Not giving an apple to Vyqe
Not giving an apple to Pasza
I am ready!
QBot#0640 ///// 890360407695425536
Enabling Cron Jobs
Started getGamePrice()
Not giving an apple to Pasza
Checking price - back 4 blood
Started getGamePrice()
Not giving an apple to Pasza
Checking price - overcooked
Started getGamePrice()
Not giving an apple to Pasza
Checking price - overcooked 2
Not giving an apple to Vyqe
Started getGamePrice()
Not giving an apple to Pasza
Checking price - overcooked 2
/home/pi/qBot/bot.js:179
			if (content.at(-2).includes('akamai') || content.at(-2).includes('img.gg')) {
			                  ^

TypeError: Cannot read properties of undefined (reading 'includes')
    at /home/pi/qBot/bot.js:179:22
    at ChildProcess.exithandler (node:child_process:388:7)
    at ChildProcess.emit (node:events:390:28)
    at maybeClose (node:internal/child_process:1064:16)
    at Process.ChildProcess._handle.onexit (node:internal/child_process:301:5)
